12:50:08.956 [main] INFO  TestBase.BaseClass - **** Starting TestCase002_UsedCarsInChennai  ****
12:50:08.968 [main] INFO  TestBase.BaseClass - clicking on Used Cars and selecting Chennai
12:50:24.985 [main] INFO  TestBase.BaseClass - **** Finished TestCase002_UsedCarsInChennai ****
12:50:24.995 [main] INFO  TestBase.BaseClass - **** Starting TestCase003_ClickonLoginSignUp  ****
12:50:24.995 [main] INFO  TestBase.BaseClass - Verifying login/SignUp
12:50:28.715 [main] INFO  TestBase.BaseClass - **** Finished TestCase003_ClickonLoginSignUp  ****
12:50:28.715 [main] INFO  TestBase.BaseClass - **** Starting TestCase004_SignInGoogleAccounts  ****
12:50:28.716 [main] INFO  TestBase.BaseClass - Verifying loginPage
12:50:37.084 [main] INFO  TestBase.BaseClass - **** Finished TestCase004_SignInGoogleAccounts  ****
14:00:50.471 [main] INFO  TestCase.TestCase001_UpComingBikeDetails - **** Starting TestCase001_UpComingBikeDetails ****
14:00:50.475 [main] INFO  TestCase.TestCase001_UpComingBikeDetails - clicking on  New Bikes 
14:00:56.412 [main] INFO  TestCase.TestCase001_UpComingBikeDetails - clicking on Upcoming Bikes
14:01:09.893 [main] INFO  TestCase.TestCase001_UpComingBikeDetails - **** Finished TestCase001_UpComingBikeDetails ****
14:01:10.186 [main] INFO  TestCase.TestCase001_UpComingBikeDetails - **** Starting TestCase002_UsedCarsInChennai  ****
14:01:10.186 [main] INFO  TestCase.TestCase001_UpComingBikeDetails - clicking on Used Cars and selecting Chennai
14:01:25.913 [main] INFO  TestCase.TestCase001_UpComingBikeDetails - **** Finished TestCase002_UsedCarsInChennai ****
14:01:26.342 [main] INFO  TestCase.TestCase001_UpComingBikeDetails - **** Starting TestCase003_ClickonLoginSignUp  ****
14:01:26.342 [main] INFO  TestCase.TestCase001_UpComingBikeDetails - Verifying login/SignUp
14:01:36.419 [main] INFO  TestCase.TestCase001_UpComingBikeDetails - Verifying login/SignUp failed!!
14:01:36.835 [main] INFO  TestCase.TestCase001_UpComingBikeDetails - **** Starting TestCase004_SignInGoogleAccounts  ****
14:01:36.835 [main] INFO  TestCase.TestCase001_UpComingBikeDetails - Verifying loginPage
14:01:46.893 [main] INFO  TestCase.TestCase001_UpComingBikeDetails - LoginPage verification failed!!!
14:07:08.146 [main] INFO  TestCase.TestCase001_UpComingBikeDetails - **** Starting TestCase001_UpComingBikeDetails ****
14:07:08.149 [main] INFO  TestCase.TestCase001_UpComingBikeDetails - clicking on  New Bikes 
14:07:13.325 [main] INFO  TestCase.TestCase001_UpComingBikeDetails - clicking on Upcoming Bikes
14:07:27.493 [main] INFO  TestCase.TestCase001_UpComingBikeDetails - **** Finished TestCase001_UpComingBikeDetails ****
14:07:27.855 [main] INFO  TestCase.TestCase001_UpComingBikeDetails - **** Starting TestCase002_UsedCarsInChennai  ****
14:07:27.856 [main] INFO  TestCase.TestCase001_UpComingBikeDetails - clicking on Used Cars and selecting Chennai
14:07:42.596 [main] INFO  TestCase.TestCase001_UpComingBikeDetails - **** Finished TestCase002_UsedCarsInChennai ****
14:07:43.013 [main] INFO  TestCase.TestCase001_UpComingBikeDetails - **** Starting TestCase003_ClickonLoginSignUp  ****
14:07:43.014 [main] INFO  TestCase.TestCase001_UpComingBikeDetails - Verifying login/SignUp
14:07:46.884 [main] INFO  TestCase.TestCase001_UpComingBikeDetails - **** Finished TestCase003_ClickonLoginSignUp  ****
14:07:47.387 [main] INFO  TestCase.TestCase001_UpComingBikeDetails - **** Starting TestCase004_SignInGoogleAccounts  ****
14:07:47.388 [main] INFO  TestCase.TestCase001_UpComingBikeDetails - Verifying loginPage
14:07:55.912 [main] INFO  TestCase.TestCase001_UpComingBikeDetails - **** Finished TestCase004_SignInGoogleAccounts  ****
14:11:56.639 [main] INFO  TestCase.TestCase001_UpComingBikeDetails - **** Starting TestCase001_UpComingBikeDetails ****
14:11:56.643 [main] INFO  TestCase.TestCase001_UpComingBikeDetails - clicking on  New Bikes 
14:12:02.305 [main] INFO  TestCase.TestCase001_UpComingBikeDetails - clicking on Upcoming Bikes
14:12:15.736 [main] INFO  TestCase.TestCase001_UpComingBikeDetails - **** Finished TestCase001_UpComingBikeDetails ****
14:12:16.099 [main] INFO  TestCase.TestCase001_UpComingBikeDetails - **** Starting TestCase002_UsedCarsInChennai  ****
14:12:16.099 [main] INFO  TestCase.TestCase001_UpComingBikeDetails - clicking on Used Cars and selecting Chennai
14:12:31.857 [main] INFO  TestCase.TestCase001_UpComingBikeDetails - **** Finished TestCase002_UsedCarsInChennai ****
14:12:32.266 [main] INFO  TestCase.TestCase001_UpComingBikeDetails - **** Starting TestCase003_ClickonLoginSignUp  ****
14:12:32.266 [main] INFO  TestCase.TestCase001_UpComingBikeDetails - Verifying login/SignUp
14:12:35.837 [main] INFO  TestCase.TestCase001_UpComingBikeDetails - **** Finished TestCase003_ClickonLoginSignUp  ****
14:12:36.302 [main] INFO  TestCase.TestCase001_UpComingBikeDetails - **** Starting TestCase004_SignInGoogleAccounts  ****
14:12:36.302 [main] INFO  TestCase.TestCase001_UpComingBikeDetails - Verifying loginPage
